DEBUG:urllib3.connectionpool:Starting new HTTP connection (1): localhost
DEBUG:urllib3.connectionpool:http://localhost:8529 "POST /_api/import?type=documents&collection=genomes&overwrite=yes&onDuplicate=update HTTP/1.1" 201 72
INFO:root:imported genomes
INFO:root:import response:	{"error":false,"created":4,"errors":0,"empty":0,"updated":0,"ignored":0}
DEBUG:urllib3.connectionpool:Starting new HTTP connection (1): localhost
DEBUG:urllib3.connectionpool:http://localhost:8529 "POST /_api/import?type=documents&collection=genes&overwrite=yes&onDuplicate=update HTTP/1.1" 201 78
INFO:root:imported genes
INFO:root:import response:	{"error":false,"created":4418,"errors":0,"empty":0,"updated":4446,"ignored":0}
DEBUG:urllib3.connectionpool:Starting new HTTP connection (1): localhost
DEBUG:urllib3.connectionpool:http://localhost:8529 "POST /_api/import?type=documents&collection=taxa&overwrite=yes&onDuplicate=update HTTP/1.1" 201 73
INFO:root:imported taxa
INFO:root:import response:	{"error":false,"created":19,"errors":0,"empty":0,"updated":9,"ignored":0}
DEBUG:urllib3.connectionpool:Starting new HTTP connection (1): localhost
DEBUG:urllib3.connectionpool:http://localhost:8529 "POST /_api/import?type=documents&collection=gene_within_genome&overwrite=yes&onDuplicate=update HTTP/1.1" 201 78
INFO:root:imported gene_within_genome
INFO:root:import response:	{"error":false,"created":4418,"errors":0,"empty":0,"updated":4446,"ignored":0}
DEBUG:urllib3.connectionpool:Starting new HTTP connection (1): localhost
DEBUG:urllib3.connectionpool:http://localhost:8529 "POST /_api/import?type=documents&collection=child_of_taxon&overwrite=yes&onDuplicate=update HTTP/1.1" 201 73
INFO:root:imported child_of_taxon
INFO:root:import response:	{"error":false,"created":28,"errors":0,"empty":0,"updated":0,"ignored":0}
INFO:root:total time running in ms: 195
